<?xml version="1.0" encoding="utf-8"?><testsuites><testsuite name="pytest" errors="0" failures="0" skipped="0" tests="3" time="15.900" timestamp="2022-10-14T13:20:28.899653" hostname="Murats-MacBook-Pro.local"><testcase classname="test_Homepage.TestHomePage" name="test_formSubmission[getData0]" time="4.302" /><testcase classname="test_Homepage.TestHomePage" name="test_formSubmission[getData1]" time="0.591" /><testcase classname="test_e2e.TestOne" name="test_e2e" time="10.960" /></testsuite></testsuites>